<?xml version="1.0" encoding="UTF-8"?>
<!-- Generated by org.testng.reporters.JUnitReportReporter -->
<testsuite hostname="LAPTOP-QFB7FCFV" failures="0" tests="1" name="test.LoginTest" time="3.876" errors="0" timestamp="2023-01-06T21:09:20 CST" skipped="0">
  <testcase classname="test.LoginTest" name="validUserShouldBeAbleLogin" time="3.876"/>
  <system-out/>
</testsuite> <!-- test.LoginTest -->
